<?xml version="1.0" encoding="UTF-8"?>
<!-- Generated by org.testng.reporters.JUnitXMLReporter -->
<testsuite hostname="ASDA1573PO02037" ignored="0" name="one" tests="4" failures="0" timestamp="02 Jul 2019 07:38:56 GMT" time="0.077" errors="0">
  <testcase name="f" time="0.015" classname="Demo.NewTest"/>
  <testcase name="s" time="0.004" classname="Demo.NewTest"/>
  <testcase name="f" time="0.006" classname="Demo.NewTest1"/>
  <testcase name="s" time="0.004" classname="Demo.NewTest1"/>
</testsuite> <!-- one -->
