<?xml version="1.0" encoding="UTF-8"?>
<testng-results skipped="0" failed="0" ignored="0" total="4" passed="4">
  <reporter-output>
  </reporter-output>
  <suite name="first suite" duration-ms="77" started-at="2019-07-02T07:38:56Z" finished-at="2019-07-02T07:38:56Z">
    <groups>
    </groups>
    <test name="one" duration-ms="77" started-at="2019-07-02T07:38:56Z" finished-at="2019-07-02T07:38:56Z">
      <class name="Demo.NewTest">
        <test-method status="PASS" signature="f()[pri:0, instance:Demo.NewTest@36d4b5c]" name="f" duration-ms="15" started-at="2019-07-02T07:38:56Z" finished-at="2019-07-02T07:38:56Z">
          <reporter-output>
          </reporter-output>
        </test-method> <!-- f -->
        <test-method status="PASS" signature="s()[pri:0, instance:Demo.NewTest@36d4b5c]" name="s" duration-ms="4" started-at="2019-07-02T07:38:56Z" finished-at="2019-07-02T07:38:56Z">
          <reporter-output>
          </reporter-output>
        </test-method> <!-- s -->
      </class> <!-- Demo.NewTest -->
      <class name="Demo.NewTest1">
        <test-method status="PASS" signature="f()[pri:0, instance:Demo.NewTest1@6d00a15d]" name="f" duration-ms="6" started-at="2019-07-02T07:38:56Z" finished-at="2019-07-02T07:38:56Z">
          <reporter-output>
          </reporter-output>
        </test-method> <!-- f -->
        <test-method status="PASS" signature="s()[pri:0, instance:Demo.NewTest1@6d00a15d]" name="s" duration-ms="4" started-at="2019-07-02T07:38:56Z" finished-at="2019-07-02T07:38:56Z">
          <reporter-output>
          </reporter-output>
        </test-method> <!-- s -->
      </class> <!-- Demo.NewTest1 -->
    </test> <!-- one -->
  </suite> <!-- first suite -->
</testng-results>
